28XQIPwVCfV6aFJOtaj0UfTJ6kpWc8XNyCZ8jtmwxX/dD5frh4ZSYwJ37cXEamsd7/MtCGd/8o2VoxhX00RmNn/71BH1ka6GpWNDzRFcxw9/ozQ=
/ygs4nRVsurHKJxAeftjjF9SeMo5/XvJ/fhQFJz1aTc10M4eXaEUGQcsO3ehjnBCJH7r8y+wXdUcLOvcq9wY9C1uoyM=
DA3jV0IoJh0+P2xSdqlYNSLGjyvn/g3BnugFgNq4alyOe2belMDQQGIdDl/ez+yxvGFy9Ve2uKahSQvV1bzwmOQheUv9dE6yhdUkxW+o2zuZmiD/rBqrHzeErUm06MvQU4iICGVKow8=
2RUPKeWhHJ/2Eeu0p/cTiWlQ+nOiThVKTVLKKEaOEMWRoh3WgZCPvFByFAQG1MbqtIbGBeeIWY8UZ+4/Zdj/wsSdaJ9Vbl27uDjulYHDLK9vNOzeK7sAOfmhUr7Rw9dVjYwLZ0ujAA==
yIEc4a+EexXii5FzOoI0aHoznR/LmZb67PzQdAox3puGk0wlNO3CEe/K+FKJJRvRzaCQTCxtCe8FyM4GbXl0gbd0+y+RlhCblOZra59oPc0sdCuEG0R4LB12ozs=
EI8lvBVMpcPfMlHFc6nzSStcmd97ZoU45pCG9uT40EhyBS637reseWw5El2nDjguMdGrvWVEMNC0+ZljjUxOupXNBC1f0JvzScJAV1yiK5enHA0hBBALmANQaCAVcqMH
RoHHH+Fsh6PwsTIYvhSN0Cp42NU0jFs4DnBgelD2jr9WARoF3NeAk3r7Q6xY8O2L82uxFmAeeLPRpUkODkSptzzba6KrHWWoaLF4wAuJuwYVNxACG5YPWmAmEXCjOQ==
86ZyL+GZYzELl8hIHcMoz2lQ+nOiThVKTVLKKEaOEMWKoh3WgZCPvFByFAQG1MbqtIbGBeeIWY8UZ+4/Zdj/wsSdaJ9Vbl27uDjulYHDLK9vNOzeK7sAOfmhUr7Rw9dVjYwLZ0ujAA==
uAycmNOWwGqZME0SCHmJ1baXqA9WLIiOj3JymN2wxXnsQc36iYsTCUZ9+tXIRyUV4ropCkdz5I2VoxhX00RgNn/71BH1ka6GpWNDzRFcxw9/ozQ=
45sA0sv07tmWVkJAWpjzR2+UFQbXfh/H48c95ccPG4cT6bYYQZmdtpHrUwvHDmRFnU1JRLWQmonbTliQye4rABG7r3zRGZ1BPBwMA/Gda9kfR48EUVlw9zZBk76Bp8LL4WeOYvCBrY2OXvwCwns/yA/GimOJPTihtDLtctp5u/SSGRrRdRMh/2kLtRpyv2NEhABpkSaQ1gcQt7pAuWndTWISZkT8H45HgA0f9hCXuHB/hz8LxGD4xyAmLWbW2a/JHr8bqLRGt6VJ78c3gc5HW+L+plmbozimBLug7DrAJcqsA4wbCJRLl5kxVEbmBhuPZJSZ+rFU+wpc9koMpH37B81VC8WJg6Tfl1QHzvM72ClRAWqOWQPfhRVsY5czo3g=
5CNCqjS8FXfBeXhoqUZUu4479Oi2Wz59iF/LoBuOJRyBcI6xtx7keF1uv2ita0NExXmpmdCskGtFXZ/xAzej3KX55I+akW+WlafW4x23IhpkIVlVoi7gKja7i6CTdma7vV0smVjiURpO+S8cLkl26WHzFacFuynyxv8XbJjwRclSMEL/vOfGaK1pyWUeQsq8aL/6H6z9A95k1wyY4zdTU/CA7P9MdpGOQlk7oaJv95CgJoN9pV9bXzUOs3P+joqBbwOs3qhrXMQuwDHiUNMgY5w0v0+1QUhuEsav5/gkdSKFNO8ysCb2ZDD9b+9xBWf9nWOQh/vkmyZHe6wBTfFG1i2jS325PB+/J6Ns
vj17+9aFEps482dvXwCO6OAn7voWsUQABUZ8yAiEkdpK5No+KMPD5KJNlrrOGsLGH9LySvFUG1MgCRXS7Spr+NMCevqBid0pTaZYUueTqVbjE8yLyYR3gUKZNAGrnlqIcme9wkUhq0seuDRpmUp2BX2nH647KOVG93BMEQ/itiNUJK/NiO9tT3tP5irpTO+V1jsqxxdnfc9RugCTB9kiuHMSFc9YIQ2fSrjgJXkei0mb5qavLv5/plNCoSI+hmmF6qunsPtBDJs3FYppAPQomweRNfNc4u0WrbHwpVY6nWOg9KR6rGKAI1qfypcdigXasTaL0istRTgoQhgQC9lbdtWnMDKbZm/KIBaxIKNp
QByi44rRPsNxRBZTe8K1qDcFzK8PRjUvgJS/DPpExGG3Y1Xayd5IFEic3wFKmj8hV+R7v/Em0Ouw9mp7vxj9fUzkqxT79DjcPWajKw==
a1r4uUi8W4mxZRt863stjMvXlG1Ryer/ZQ9T76+VaPp/SG3RBMymikkhlYL5BigMeITfCnWGRflnvLvnQf6wcwBu6uMPgJ2l/LxrTMssWMQNfqMz
n7NdOS68DcFF71UGX0sK5jYFzK8PRjUvgJS/DPpExGG3Y1Xayd5IFEic3wFKmj8hV+R7v/Em0Oaw9mp7vxj9fUzkqxT79DjcPWajKw==
HtfKYwIaQMg9SI2ZkjucfsvXlG1Ryer/ZQ9T76+VaPp/SW3RBMymikkhlYL5BigMeITfCnWGRflnvLvnQf6wfgBu6uMPgJ2l/LxrTMssWMQNfqMz
hhrIvpPh380RWsBGLFr/djUFzK8PRjUvgJS/DPpExGG3Y1Xayd5IFEic3wFKmj8hV+R7v/Em0Oez9mp7vxj9fUzkqxT79DjcPWajKw==
Gsf819FJjAVMZ1LgwzGd+8vXlG1Ryer/ZQ9T76+VaPp/Sm3RBMymikkhlYL5BigMeITfCnWGRflnvLvnQf6wfwNu6uMPgJ2l/LxrTMssWMQNfqMz
j8PYaSW0rB+i4UkkqTZukTQFzK8PRjUvgJS/DPpExGG3Y1Xayd5IFEic3wFKmj8hV+R7v/Em0Oay9mp7vxj9fUzkqxT79DjcPWajKw==
pMBWteAMuV64C0seK44PdcvXlG1Ryer/ZQ9T76+VaPp/S23RBMymikkhlYL5BigMeITfCnWGRflnvLvnQf6wfgJu6uMPgJ2l/LxrTMssWMQNfqMz
7GC/LEwLGNVVMOS7iD4j8bTacwjs7XtA3R+bEenCPULyRRZFTMKC07g+CxlWU5Lu1g+2vZ9WRvJVl3pvIJmgi6GDkWQZLFuDVuy7eutFtUDI2804ifEL7rVfQNrbzl9ygA5hSKMB
0oTRnPAmEwNTHHnFPkj0M7Tacwjs7XtA3R+bEenCPULzRRZFTMKC07g+CxlWUpLu1g+2vZ9WRvJVl3pvIJmgi6GDkWQZLFuDVuy7eutFtUDI2Mw4ifEL7rVfQNrbzl9ygA5hSKMB
hBncTJ0J8AthhtQCuCLZj7Tacwjs7XtA3B+bEenCPULxRRZFTMKC07g+CxlWUpLu1g+2vZ9VRvJVl3pvIJmgi6GDkWQZLFuDVuy7eutFtUDI3M84ifEL7rVfQNrbzl9ygA5hSKMB
okc93QWFtiUI1jdkrDBInLTacwjs7XtA3R+bEenCPULxRRZFTMKC07g+CxlWUpLu1g+2vZ9URvJVl3pvIJmgi6GDkWQZLFuDVuy7eutFtUDI1c84ifEL7rVfQNrbzl9ygA5hSKMB
Vei82BvRlqseg7nfbNucpdxD8Q/SQKNtoP1qY5K7G6Ch6CxugyQjLQUjaLdjBLFXj/nkMaVR3iYV49OtwRz3L2+jJA==
/SMa9YYQMmGnenjGvbpvDgDSkbxnAxWg6GbiIBIGOTj3Vqd4vN1WK1bL/zgtaKD259Rn5TkDdL9nFJVvwzmoycHBWq6Jgy/lBSzTN2OjKA==
XUdAkmFw5QjOHeNrAHV+O7KHuu326st2f2nK775tewqGy76LNJW4kc5j1mfpDTU5nYuPNOpUSJf44uh0Dxhbi/kq4M7NKqkvV7Rt+dRYS2AzOEg4BXqjPw==
Ts/NbnpDLjjOxXUN6LyhQYHgYAotk4y/ORBQ0aOwKWKkyAIoLETkUuZ3hs2sD3QjrQz3KHpCtTzFQcOTzjvlnAsaWZnyPZOJmOqzU1XBJ0TBA3mjMg==
PMJEwX5egeWKg+MX69ANsXMe0b5aCk5phs34RaZPxmPxMVXN1cd/UFLIyANQjjgwV+R7v/Em0Oa09ml7vxj9fUzkqxT79DjcPWajKw==
Eu9Q3Daap2KGls/goZOLyrKHuu326st2f2nK775tewqGy76LNJW4kc5j1mfpDTU5nYuPNOpUSJf44uh0Dxhbi/kq4MLMKqkvV7Rt+dRYS2AzOEg4BXqjPw==
CM9fei7Bfw7wU5IXjG8nR3Me0b5aCk5phs34RaZPxmPxMVXN1cd/UFLIyANQjjgwV+R7v/Em0O+x9mh7vxj9fUzkqxT79DjcPWajKw==
eG4vPbqcrWLejBwAkLL0v7KHuu326st2f2nK775tewqGy76LNJW4kc5j1mfpDTU5nYuPNOpUSJf44uh0Dxhbi/kq4MvJKqgvV7Rt+dRYS2AzOEg4BXqjPw==
6gKFmstOiJN4g8wUC/smTSdh15UicBDODkS4nd2Il/BMYRyN8+MFNPFmuz9gqLkbPDELU4brTTz8j+EYiq0r6XC6+5Md8Q8k2TNhoyo=
vI3gUlbRtsESU1nALzW4n2MntxRDjI3IsriUtQ/Ptb4hQvig0BBfhcImr7WviNsbWfqgHek6qD93ZC0pdMjL8JPoCOglaqMv
r8UJxW3knhkgDUvG61Dlrluz9i6cL5JejGW8O27s52Yn50BDFX7Qt45S+1rrJXWgSHgMWIgRS041PwA62+6f0gDuIWijIQ==
pZ/JO7TEV5mXH6njaxPwjRxycDBfaCZ9TOXarlMFc/Lwu+hcLOzMPBY0It6j/hRxj/yccVc7+N+V4mhr/k7DRgt5zXw45LQESE1zUkXjOGY7cidOcDIZdKM9
iy24LhRAlVeFFyk8RAso7Sdh15UichDODkS4nd2Il/BMYRyN8+MFNPFmuz9gqLkbPDELU4brTTzzjeEYiq0r6XC6+5Md8Q8k2TNhoyo=
P9iSgP87brSCjhP5mjojsWAntxRDjI3IsriUtQ/Ptb4hQvig0BBfhcImr7WviNsbWfqgEus6qD93ZC0pdMjL8JPoCOglaqMv
vXroS3wGi8fES2ZXJHXty2TG5+QuPvSYRw8wuxWGoF/tuquCq/0lCOjUvuAIqfvmlZfQYhu2T7rghtEQo1k=
03rSLvD0UHHQbnokl6B1TnUMiKpi4y42Xy9eDnbH698PDDzBl2vYz5XySDs9/mO2i8ktDPgw1hRIXZMCBRNY1rsCh/4w4jlkoy0=
9ezrpRrWPehy/nJ+KJ06SxwDtMl5UrLpQsBzPndsPIoMNimlrXs2/uz1EyokGdt93WPQBzvk3aAHeGyBDfEGVu2jC/35PN8/Z6Ms
2PiyDHX0MY5KWHKSVWk3wQwbMttdEdXXLzfgQQUop4J4yZeFqYPEHzfU4YjTOLjp8YGKznkDv0W17IPXE6NY
zfLlVCEJIYvFxGzmk9xS62dudW9W/p2zYm452I2CfjgWa51x3DtzCQjc29jyE11O+rE0BUhu8OdNIlvqa9UVEIgs7kiIASuedY/gSltePyJAPgF4ozE=
XDUtaRcmQ2KCUirSLz7P8Sdh15UicRDODkS4nd2Il/BMYRyN8+MFNPFmuz9gqLkbPDELU4brTTz4i+EYiq0r6XC6+5Md8Q8k2TNhoyo=
em2LZAl1jTfLfh1LAr/ox2EntxRDjI3IsriUtQ/Ptb4hQvig0BBfhcImr7WviNsbWfqgHu06qD93ZC0pdMjL8JPoCOglaqMv
xvoBxNBSnv8kCvQJ9ra2nmTG5+QuPvSYRw8wuxWGoF/suquCq/0lCOjSueAIqfvmlZfQYhu2T7rghtEQo1k=
gRzBMyUMS8zyGbq4cCIQEnUMiKpi4y42Xy9eDnbH698PDDzBl2vYz5XySDs8/mO2i8ktDPg20RRIXZMCBRNY1rsCh/4w4jlkoy0=
TJJKDZwy2m8uBebEmJLlKh0DtMl5UrLpQsBzPndsPIoMNimlrXs2/uz1EyokGNt93WPQBzvk26cHeGyBDfEGVu2jC/35PN8/Z6Ms
fsBs53SAwLe3DVwRxWw2vwwbMttdEdXXLzfgQQUpp4J4yJeFqYPEHzfU54/TOLjp8YGKznkDv0W17IPXE6NY
ByDo8rwAbWip6ZUAytzyAGdudW9W/p2zYm452I2CfjgWa51x3DtzCQjc29jyE11O+rE0BUlu8OdMIlvqa9UVEIgq6UiIASuedY/gSltePyJAPgF4ozE=
D/C4Dpual/vYNRfjgX8OMCdh15UicxDODkS4nd2Il/BMYRyN8+MFNPFmuz9gqLkbPDELU4brTTz5iuEYiq0r6XC6+5Md8Q8k2TNhoyo=
EAAdaz8+xSkIsRq5djYDQGYntxRDjI3IsriUtQ/Ptb4hQvig0BBfhcImr7WviNsbWfqgGew6qD93ZC0pdMjL8JPoCOglaqMv
dUEUAqDis5FpnGjmmGSDx2TG5+QuPvSYRw8wuxWGoF/ruquCq/0lCOjRuOAIqfvmlZfQYhu2T7rghtEQo1k=
mThkInoU4SmY2OBtqK4eCHUMiKpi4y42Xy9eDnbH698PDDzBl2vYz5XySDs7/mO2i8ktDPg10BRIXZMCBRNY1rsCh/4w4jlkoy0=
tvSE9W+van01HNrArX4VqRoDtMl5UrLpQsBzPndsPIoMNimlrXs2/uz1EyokH9t93WPQBzvk2KYHeGyBDfEGVu2jC/35PN8/Z6Ms
VbHJeifrxjCXYOqg/YvOFgwbMttdEdXXLzfgQQUup4J4z5eFqYPEHzfU5I7TOLjp8YGKznkDv0W17IPXE6NY
ezjLopkXPYMMTVj1S4Nt0mdudW9W/p2zYm452I2CfjgWa51x3DtzCQjc29jyE11O+rE0BU5u8OdLIlvqa9UVEIgp6EiIASuedY/gSltePyJAPgF4ozE=
6yKRbh6prwsXzbLm+HltxnUMiKpi4y42Xy9eDnbH698PDDzBl2vYz5XySDs+/mO2i8ktDPg11hRPXZMCBRNY1rsCh/4w4jlkoy0=
ufjU3woGT8krHgSukt/bsPbW6hYZKpmYtTE5n9211mj9QYquz8xUWkR24dWFWy4O9PULWjw6842VoxhX00RgMH//1BH1ka6GpWNDzRFcxw9/ozQ=
ao6CHaxE0E8gKo9x6WxO6y0QqiHREkUMChWLcQHjT4rsokqDw9feqwUzBBYXw8ygocPYTP3MHoAJOOgicJb1zZmLYqYAdX/y8GrvlYHDLK9vNOzeK78AOfmhUr7Rw9dVjYwLZ0ujAA==
SbV4B277oXDqGc7lH6hJRUzdiLpuBQW8uyP/O1VMdjDxGOAyqNZNPRHrunZodZeiqIpn5TkDdL9nFJZuwz+oycHBWq6Jgy/lBSzTN2OjKA==
uZkAevd4VunfExGZDkkYS0zdiLpuBQW8uyP/O1VMdjDxGOAyqNZNPRHrunZodZeiqIpn5TkDdL9nFJJrwz6oycHBWq6Jgy/lBSzTN2OjKA==
LqI3MdlZyQw+URrIZlHNI1O8/WfSdJFDgWenKGfq4iA64RQVSH7Qt41S+1rrJXWgSH4MWI4RS041PwA62+6f0gDuIWijIQ==
OLwTg6UUs7HsYi6eoJQSpFyczblrGAKxmyP1NhQJLTPsW+577ZFFN1/3sGE1KJeiqIln5TkDdL9nFJNqwz6oycHBWq6Jgy/lBSzTN2OjKA==
UUPjMjJem+Yd6MiXsVmwJBfSAUQ25acpZc2vqYO8XJPH19CsGS0pZKexv++JYfAJ+A+DxzyGSvXbtVk/ewf0Odmo+3ps+UPtJSOI9wOEFBFv/sTxxdF+ZjXjs21hnBdvT6ME
/X+QAWqfGy7f8pG5W6eJSA4/48NwR6n1Qo90cHRmcoUDdSGv42c86bGoEyokGdt93WPQBzvk2KEHfmyBDfEGVu2jC/35PN8/Z6Ms
feA+36DWDK862rgl1FPJAs1G6wucBqo1u7V5f5uHVPm5qBs6zHkjLQUjaLdjBLRQj/7kMaVR3iYV49OtwRz3L2+jJA==
BAHuZwo6ENwHbcRBrCbjG2wsIRnxdDny8QoTw2MkCLicZdWMn7Cb0wkiwPCawi635/yNgcRwC7hDsOiA1RKjJw==
9/5DUJUE9ljPjYoQEKfi7V1WxGht1lrhpYGjk677RRygXHmeEn1zCXiqk1N1AYfEocMZo1I=
l09OtAe2X/vOVGyN2D2A505GLopovziGu7JBUZfuZChY04g8FOlFGAcsO3ehjnBPIn7u8y+wXdUcLOvcq9wY9C1uoyM=
H1HM+76aU/ppk0UDL7Qri1QKcIDdzP7AabhIYlCWlQ05C8JmYHWfslDqT9Vhwwxvz7QLGku9IHlZITJ+McP3le0M6ydroyA=
0cAWHoeCmrcJ2uFFzGQny/bW6hYZKpmYtTE5n9211mj9QYquz8xUWkR24dWFWy4O9PULWjw6842VoxhX00RnMn/91BH1ka6GpWNDzRFcxw9/ozQ=
VOJJ07ApQvPsEdSISFEWl1QKcIDdzP7AabhIYlCWlQ05C8JmYHWfslDqT9Vhwwxvz7QMGku9IHlZITJ+McP3le0M6ydroyA=
39JlXWaJav0bhPm3boNmDfbW6hYZKpmYtTE5n9211mj9QYquz8xUWkR24dWFWy4O9PULWjw6842VoxhX00RgMn/91BH1ka6GpWNDzRFcxw9/ozQ=
LEgWy+S0Vcdo7F1XDjgWLVQKcIDdzP7AabhIYlCWlQ05C8JmYHWfslDqT9Vhwwxvz7QPGku9IHlZITJ+McP3le0M6ydroyA=
4MvRoSlq9nIBvuZZDvOFUvbW6hYZKpmYtTE5n9211mj9QYquz8xUWkR24dWFWy4O9PULWjw6842VoxhX00RjMn/91BH1ka6GpWNDzRFcxw9/ozQ=
Cgcq5OZjhLP1QlOm89qwxlQKcIDdzP7AabhIYlCWlQ05C8JmYHWfslDqT9Vhwwxvz7QAGku9IHlZITJ+McP3le0M6ydroyA=
WEZfDn4dcO7o6YgI5V2TLPbW6xYZKpmYtTE5n9211mj9QYquz8xUWkR24dWFWy4O9PULWjw6842VoxhX00RsMn/91BH1ka6GpWNDzRFcxw9/ozQ=
0LBx5olYM/rK7OyeupMmTVQKcIDdzP7AabhIYlCWlQ05C8JmYHWfslDqT9Vhwwxvz7QJGUu9IHlZITJ+McP3le0M6ydroyA=
G++ygWRah8gxR9IBNGRaE/bW6xYZKpmYtTE5n9211mj9QYquz8xUWkR24dWFWy4O9PULWjw6842VoxhX00RlMX/91BH1ka6GpWNDzRFcxw9/ozQ=
prVDHxCTWB5MdrvBvoLy/VO8/WfSdJFDgWenKGfq4iA64RQVSH7Qt41S+1rrJXWgSHoJWIsWS041PwA62+6f0gDuIWijIQ==
mGPi5aGYpz+tYLVumwg2CFyczblrGAKxmyP1NhQJLTPsW+577ZFFN1/3sGE1KJeiqIln5TkDdL9nFJdvwzuvycHBWq6Jgy/lBSzTN2OjKA==
CwgYse4qJrJk9fMqvsVZHs1G6wucBqo1u7V5f5uHVPm5qBs6zHkjLQUjaLdjBLRWj/vjMaVR3iYV49OtwRz3L2+jJA==
Dwe9VgQKVigrk3fk7HGoZ1yczLlrGAKxmyP1NhQJLTPsW+577ZFFN1/3sGE1KJeiqIln5TkDdL9nFJBuwzuvycHBWq6Jgy/lBSzTN2OjKA==
TpybtkPDXTjT1+8tyDjqYhfSAUQ25acpZc2vqYO8X5PE19CsGS0pZKexv++JYfAJ+A+DxzyGSvXbtVk/ewf0Odmo+3ps+UPtJSOI9wOEFhJv+sPxxdF+ZjXjs21hnBdvT6ME
EwYExN9dzCLGKarx+e3BUw4/48NwR6n1Qo90cHRmcoUDdSGv42c86bGoEyokGdt93WPQBzvk2KIHemuBDfEGVu2jC/35PN8/Z6Ms
HCbF+/fSt9kXAGSO4b4h8lO8/WfSdJFDgWenKGfq4iA64RQVSX7Qt4xS+1rrJXWgSH0PWIoWS041PwA62+6f0gDuIWijIQ==
F6A3C6D8S8cnEppMsM2Uz1yczblrGAKxmyP1NhQJLTPsW+577ZFFN1/3sGE1KZeiqIhn5TkDdL9nFJBpwzqvycHBWq6Jgy/lBSzTN2OjKA==
ASmIGBFw5t6Oap+w+ZTgnRfSAUQ25acpZc2vqYO8XJPE19CsGS0pZKexv++JYfAJ+A+DxzyGSvXbtVk/ewf0Odmp+3ps+EPtJSOI9wOEFBBv+sPxxdF+ZjXjs21hnBdvT6ME
dwllVghsvvWXxukFlNEB9A4/48NwR6n1Qo90cHRmcoUDdSGv42c86bGpEyokGNt93WPQBzvk2aAHemuBDfEGVu2jC/35PN8/Z6Ms
90PdxDJ0LaKh1V0REoJqYc1G6wucBqo1u7V5f5uHVPm5qRs6zHgjLQUjaLdjBLZXj/rjMaVR3iYV49OtwRz3L2+jJA==
gThEbN3TGU1DIJ8zvxLzEmwsIRnxdDny8QoTw2MkCbicZdSMn7Cb0wkiwPSdwiqw5/yNgcRwC7hDsOiA1RKjJw==
ouXN5iyFn0Ew1OC/EFMufU5GLYpovziGu7JBUZfuZChY04k8FOlEGAcsO3ehjnBCIX7p9C+wXdUcLOvcq9wY9C1uoyM=
pzk+89nm/SDCEr2xqqTPtoWTHlPLm+x0yQIoy3wuAyYLWY3cuAHxJE5sszPFQ/hGO5JnrvCS2RSjXQ==
kLC04QfpKm2GDwpKz/3BxoWTHlPLm+x0zgIoy3suAyYLWY3cuADwJE5sszPFQ/hGO5JnrvCS2RSjXQ==
kii7cuGD2aCrdKnl8rDRD1O8/WfSdJFDgWenKGfq4iA64RQVTn7Qt4tS+1rrJXWgSHwIWI4QS081PwA62+6f0gDuIWijIQ==
Oq42Ti8Pg+LIoQyhuPFNTVyczLlrGAKxmyP1NhQJLTPsW+577ZFFN1/3sGE1LpeiqI9n5TkDdL9nFJFuwz6pycDBWq6Jgy/lBSzTN2OjKA==
7J8VD2hvkFWhrFiRYFoohRfSAUQ25acpZc2vqYO8XJPF19CsGS0pZKexv++JYfAJ+A+DxzyGSvXbtVk/ewf0Odmu+3ps/0PtJSOI9wOEEBNv/cXxxNF+ZjXjs21hnBdvT6ME
bTEbqjdqzBg1rDlfQdqQWQ4/48NwR6n1Qo90cHRmcoUDdSGv42c86bGuEyokH9t93WPQBzvk2qMHfW2BDPEGVu2jC/35PN8/Z6Ms
Q2IeNL2dCE6XV+93WXY6KJTfGlzKnexpyQIoy3wuAyYLWY3cuAb0JE1sszPFQ/hGO5JnrvCS2RSjXQ==
BnUHt9lShG+q6SgdDfKrNx5+p8lnE7n+UMlpeyArMsNJcSGv42c86bGpEyokGNt93WPQBzvk3qEHfW2BDPEGVu2jC/35PN8/Z6Ms
UGcIHSYN97IInBEIDXxXoBfSAUQ25acpZc2vqYO8X5PF19CsGS0pZKexv++JYfAJ+A+DxzyGSvXbtVk/ewf0Odmp+3ps+EPtJSOI9wOEFxBv/cXxxNF+ZjXjs21hnBdvT6ME
MFmo2y+ljau2cgeYuimQdw4/48NwR6n1Qo90cHRmcoUDdSGv42c86bGpEyokGNt93WPQBzvk2aAHfW2BDPEGVu2jC/35PN8/Z6Ms
2asGWNAHbf4BCY2rcUgFe2TG5+QuPvSYRw8wuxWGoF/uuquCq/0lCOjWuOAMqPvnlZfQYhu2T7rghtEQo1k=
Us4YpMJBj1B4l4QN61I81XWK4+svOPSFRw8wuxWGoF/uuquCq/0lCOjSuOAMqPvnlZfQYhu2T7rghtEQo1k=
gjQNrzf8Uxs4aTi9H4nAlVyczLB5URW3qWXiMAEBNna7HOAyqNZNPRHrunZodZeiqIpn5TkDdL9nFJdrwzOpycDBWq6Jgy/lBSzTN2OjKA==
b24hMEBfDYg2QORWFb7x7C0QqiHREkUMChWLcQHjT4rpokqDw9feqwUzBBYXw8ygocPYTP3MHoAJOOgicJb1zZmLYqYAdX/y8GrvlYHDLK9vNO/aK7MBOfihUr7Rw9dVjYwLZ0ujAA==
QpMoIzRzxqZA7Ld9uWZ4ykzdiLpuBQW8uyP/O1VMdjDxGOAyqNZNPRHrunZodZeiqIpn5TkDdL9nFJlqwzOpycDBWq6Jgy/lBSzTN2OjKA==
yquVpYPb9OgFM4UH5ANtFBfSAUQ25acpZc2vqYO8XJPC19CsGS0pZKexv++JYfAJ+A+DxzyGSvXbtVk/ewf0Odmu+3ps/0PtJSOI9wOEERBv88XxxNF+ZjXjs21hnBdvT6ME
XbZda7oFR32B5yH63QFSNA4/48NwR6n1Qo90cHRmcoUDdSGv42c86bGuEyokH9t93WPQBzvk2qAHc22BDPEGVu2jC/35PN8/Z6Ms
/rUeWQJ93RT08gOahxYdDs1G6wucBqo1u7V5f5uHVPm5rhs6zH8jLQUjaLdjBLZXj/PlMaRR3iYV49OtwRz3L2+jJA==
nbbsDgLOUJ4hhBlz3ccFdkzdiLpuBQW8uyP/O1VMdjDxGOAyqNZNPRHrunZodZeiqIpn5TkDdL9nFJNuwzOpycDBWq6Jgy/lBSzTN2OjKA==
wXLX2zSZfy+i19jNNbt4D1QKcIDdzP7AabhIYlCWlQ05C8JmYHWfslDqT9Vhwwxvz7QBHkuzIXlYITJ+McP3le0M6ydroyA=
HFkKntiMrtTtBOlMErU0KPbW6xYZKpmYtTE5n9211mj9QYquz8xUWkR24dWFWy4O9PULWjw6842VoxhX00RtNn/z1RH0ka6GpWNDzRFcxw9/ozQ=
QHPZdSdVVTvgQ0QAhkkMJ1QKcIDdzP7AabhIYlCWlQ05C8JmYHWfslDqT9Vhwwxvz7QAHkuzIXlYITJ+McP3le0M6ydroyA=
Drc/i5IF5rTo9a+rpATfWvbW6xYZKpmYtTE5n9211mj9QYquz8xUWkR24dWFWy4O9PULWjw6842VoxhX00RsNn/z1RH0ka6GpWNDzRFcxw9/ozQ=
obq+Dci0970685v1K9ImxlyczLlrGAKxmyP1NhQJLTPsW+577ZFFN1/3sGE1LpeiqI9n5TkDdL9nFJVrwzKpycDBWq6Jgy/lBSzTN2OjKA==
pp3KkkvA5P1QegkzKoHeKM1G6wucBqo1u7V5f5uHVPm5rhs6zH8jLQUjaLdjBLJTj/LlMaRR3iYV49OtwRz3L2+jJA==
2NpW1YIWuY24vCkyzlHmXVyczblrGAKxmyP1NhQJLTPsW+577ZFFN1/3sGE1LpeiqI9n5TkDdL9nFJZrwzKpycDBWq6Jgy/lBSzTN2OjKA==
CJQrhfODu6h7WsnDa9doEM1G6wucBqo1u7V5f5uHVPm5rhs6zH8jLQUjaLdjBL1Tj/LlMaRR3iYV49OtwRz3L2+jJA==
n/lyyRsiAxm1atsi58ttilyczLlrGAKxmyP1NhQJLTPsW+577ZFFN1/3sGE1LpeiqI9n5TkDdL9nFJlrwzKpycDBWq6Jgy/lBSzTN2OjKA==
c3hu8Hp4foxAjie+pZ/kg81G6wucBqo1u7V5f5uHVPm5qRs6zHgjLQUjaLdjBLBSj/LlMaRR3iYV49OtwRz3L2+jJA==
MAwUD1bD6g1Lp99eVvxK11yczLlrGAKxmyP1NhQJLTPsW+577ZFFN1/3sGE1KZeiqIhn5TkDdL9nFJRqwzKpycDBWq6Jgy/lBSzTN2OjKA==
yrJYNMqADuLU+3oW1sGOjhfSAUQ25acpZc2vqYO8XJPF19CsGS0pZKexv++JYfAJ+A+DxzyGSvXbtVk/ewf0Odmu+3ps/0PtJSOI9wOEERFv8sXxxNF+ZjXjs21hnBdvT6ME
62KA6quU1cFahko0IiPw181G6wucBqo1u7V5f5uHVPm5rhs6zH8jLQUjaLdjBLFRj/LlMaRR3iYV49OtwRz3L2+jJA==
GzKaCcrvjqjYMsKUq6zjnIj+cA07mIy+NQU11bnxTGunwk4pN0f+U+x/14G/E30f4lXvbk0W+mfFQcOTzjvlnAcdWZLzPZKJmOqzU1XBJ0TBA3mjMg==
u4p7mH7lGiE1Eeu9QhSncXQEzKkeTQYvn4m/Q64Biim/Kh3eyc5DHwvQjjQEwWMwV+R7v/Em0Oyy9mJ6vxn9fUzkqxT79DjcPWajKw==
Mll3uh4WzTXRuve9YXu+gM1G6wucBqo1u7V5f5uHVPm5rhs6zH8jLQUjaLdjBLxQj/LlMaRR3iYV49OtwRz3L2+jJA==
gZ7+UToamGhoJbzCpuPp7lyczblrGAKxmyP1NhQJLTPsW+577ZFFN1/3sGE1LpeiqI9n5TkDdL9nFJhowzKpycDBWq6Jgy/lBSzTN2OjKA==
WZpfbhlGHCv34/baTyW+pc1G6wucBqo1u7V5f5uHVPm5rhs6zH8jLQUjaLdjBLVXj/LlMaRR3iYV49OtwRz3L2+jJA==
sMcPxwCOLBJCCz/rGGYNllyczLlrGAKxmyP1NhQJLTPsW+577ZFFN1/3sGE1LpeiqI9n5TkDdL9nFJFvwzKpycDBWq6Jgy/lBSzTN2OjKA==
WZpfbhlGHCv34/baTyW+pc1G6wucBqo1u7V5f5uHVPm5rhs6zH8jLQUjaLdjBLVXj/LlMaRR3iYV49OtwRz3L2+jJA==
AnG/T6QtwW0Kv38jUVSpq1yczblrGAKxmyP1NhQJLTPsW+577ZFFN1/3sGE1LpeiqI9n5TkDdL9nFJFvwzKpycDBWq6Jgy/lBSzTN2OjKA==
nsZkiUT1vh0ER6rGJf7PVBfSAUQ25acpZc2vqYO8XJPC19CsGS0pZKexv++JYfAJ+A+DxzyGSvXbtVk/ewf0Odmu+3ps/0PtJSOI9wOEFRZv8sXxxNF+ZjXjs21hnBdvT6ME
gqkYUQCFgg1BerAu0mLK1A4/48NwR6n1Qo90cHRmcoUDdSGv42c86bGuEyokH9t93WPQBzvk36YHcm2BDPEGVu2jC/35PN8/Z6Ms
UbntIRTA4QYKEx1DBhpTtQ4/48NwR6n1Qo90cHRmcoUDdSGv42c86bGuEyokH9t93WPQBzvk2qYHcm2BDPEGVu2jC/35PN8/Z6Ms
rlfaRJyeLycHnPvhuJKmnzcHxq8KSCsvgJS/DPpExGG3Y1Xayd5IFEic3wFKmj8hV+R7v/Em0Oix9mt7vxn9fUzkqxT79DjcPWajKw==
WeMligdYQKzyji1dQXyUkcvXlG9bye/xew9T76+VaPp/SG/bBMmolEkhlYL5BigMeITfCnWGRflnvLvnQf6wcAFu6+MPgZ2l/LxrTMssWMQNfqMz
pQashOQ7TfKLX7cjsSJ6WzYHxq8KSCsvgJS/DPpExGG3Y1Xayd5IFEic3wFKmj8hV+R7v/Em0O6w9mt7vxn9fUzkqxT79DjcPWajKw==
HP8/XYmh9Izpj4AzL5vTI8vXlG9bye/xew9T76+VaPp/SW/bBMmolEkhlYL5BigMeITfCnWGRflnvLvnQf6wdgBu6+MPgZ2l/LxrTMssWMQNfqMz
Jm6uOemo6ii4in3ygiFNsTcfyq8TXjQvgJS/DPpExGG3Y1Xayd5IFEic3wFKmj8hV+R7v/Em0Oaz9mt7vxn9fUzkqxT79DjcPWajKw==
5GUpuDlCqs7cztrcDMWYqsvTjS0ZjampBQ9T76+VaPp/SHfXBNC+i0khlYL5BigMeITfCnWGRflnvLvnQf6wfgNu6+MPgZ2l/LxrTMssWMQNfqMz
XqiDo5tnlHTYOIuJxvM/sL2z5pxai8NtFnQv2kR/hEMCGeQ8mKJ7iXFEAb60m9ZPXCF7YQEBLO+W+MMQhkJ/YQi67XyQy7AfHBlJPcUuWfq3oU7iv2AbY+kygAc6kiuHh21N8eSgiwijoKhwdUKjFw==
lCZr6vtO68qsgGhVqrRN9b2z5pxai8BtFnQv2kR/hEMCGeQ8mKJ7iXFEAb60m9ZPXCF7YQEBLO+W+MMQhkJ/YAi67XyQy7AfHBlJPcUuWfq3oU7iv2AbY+kygAs6kiuHh21N8eSgiwijoKhwdUKjFw==
aGsgKm+zy/f60jcnOTK4Gl8Nc8Yx52yIt+MTBZn3XnhCwNINQLoAGQcsO3ehjnBPJX7r8y+xXdUcLOvcq9wY9C1uoyM=
5VuwAQQTWVYTPdNW9uSe0+VEncJnCC8ZnXRscmgIYoc5dArykmBOdiBODFlVKXbPsO+qhIr0R1/pEPHv7ZoxaeQ4T8iKrvallGNNOUdtVppT8StTpivtvF9KwRtqbUppkPqbk/2xr6R5c0GjCg==
IekhJewpI7kRgQQs0cfdFVQKcIDdzP7AabhIYlCWlQ05C8JmYHWfslDqT9Vhwwxvz7QIG0u6IHlYITJ+McP3le0M6ydroyA=
a2RsDzWA9jNkQD6gCUkgUHD30wCppz4cOprPnzp4CmHz25995DwXYeC6/cRWXk5my7Gnc1zaPrXBjk6SUek/M5LTUczWpxVaPkVGWezCbzNpKTN0NRt1oz4=
+umiiuOxKsiSr15blxS+6Vcz56MOHP5EgOCZt7eliQVsUG+n/Ka7cyYsV0PuFHxpPsz0u3hRftq7pI9ptBlVmNyFVixf0JvzScJAUFmiKZenHQ0hBBALmANQaCAVcqMH
uuouoXvQ1zVYEuUWIid160zdiLpuBQW8uyP/O1VMdjDxGOAyqNZNPRHrunZodZeiqIpn5TkDdL9nFJVrwzmoycDBWq6Jgy/lBSzTN2OjKA==
2bM0vdUnM8QSahfjHTMd8QJvtvpKVKQi0ZCG9uT40EhyBS637reseWw5El2nDjguMdGrvWVEMNC0+ZljjUxOupXNBC1f0JvzScJAVFiiKZenHQ0hBBALmANQaCAVcqMH
EOKIHGUJuNP9Jsxcf/DSWRZd4ZKGFucvmUDLQOA5+O1XW6mkje4/v+QgRYuQia+z4jPhjCPFJV5OZXYZHGLfs/mJ4zTlO2WjLg==
H7oD74JsBjy/6VBZnf3m/E34zERoQ9G4sUEWUcMcX7WS8uxW3k/9c0U0pfxgQrzGn8w5TJ2Hs47LMX2kWFwnjM7F4+ulu4iuezrXFlDKCXyjNQ==
zL+hJV0n0awCw+wIhwLa+SgANjXxbXX28RoYyCBoX5zTMoKMn7Cb0wkiwPKcwi235/2NgcRwC7hDsOiA1RKjJw==
3Qpa3SUU4RK0h9imQ1hB2Bdd4ZKGFucvmUDLQOA5+O1XW6mkje4/v+QgRYuQia+z4jPhjC/CJV1OZXYZHGLfs/mJ4zTlO2WjLg==
a1efIuqxxTYD1AjSODq3wqqcthsoY5mcin4P3Ia/wWnmQsO/qYp6Exh97d/bTC9a5f8tG2N54o2VoxhX00RtNn/91BH0ka6GpWNDzRFcxw9/ozQ=
p6KG4qn7MUlYzGOKtKaXHykANjXxbXX28RoYyCBoX5zTMoKMn7Cb0wkiwPWYwiy35/2NgcRwC7hDsOiA1RKjJw==
WhK8PrB+yegdC825M5bYUkdX9a5RGS7nloVs8h+uXqqsuws1pagdYBDeBFofQ47U9xsLEittxXgoh5nQDJnbN9VnsPKbJu8KINYxYKMp
WwHb+LaB5WQTkAIrDIVRS2rIy/xBU/jkigc7Wz6MheBpumYdEMeqLR+LkYRlnie/798psajZZ/Mqg7lsTFOd3Lb13rlEkpdzMdkbVM0LfaM2
Q+zxWnuhw7RC1aur5XuxI6IkMSAdUnotHN9eTcuz3VQZdrM/ebnd9nXhMxNem7VcWzppnAJdQknICiPT5aHXBPEjaaMi
JupL1kDbOk6uFQj3zOagITcFzK0ITDQvgJS/DPpExGG3Y1Xayd5IFEic3wFKmj8hV+R7v/Em0O2x9mN7vxn9fUzkqxT79DjcPWajKw==
X19dJfD+p2D+gb1mt2d9hcvXlG1Ry+31ZA9T76+VaPp/SG3RBsusi0khlYL5BigMeITfCnWGRflnvLvnQf6wdQFu4+MPgZ2l/LxrTMssWMQNfqMz
40q1oWav1e/IU1xCdxKpXEt6IHCJwnuDnwjZr54OohiqVzGtj5y1/96WlKrwVwZjPDQcmPHHD7xXj0ss0bNJRhl4XGJA/dIvi/mBIRDCZT39Y/BH22S+YudzTEGscaaWjaPrvZm8f39Howw=
XmxwNBnsXAS2gB34zwknVCZh15UicBDODEOynN2Il/BMYRyN8+MFNPFmuz9gqLkbPDELU4brTTz8jeETiq0q6XC6+5Md8Q8k2TNhoyo=
JubXWR3zE2Xb66N1gWRUugAmtxRDjIzIsriUtQ/Ptb4hQvig0BBfhcImr7WviNsbWfqgHes6oz93ZS0pdMjL8JPoCOglaqMv
mGz7JhOJTqXoX/2o47/TY08/teNg5WsQLGoWHnzP45EFDHWUgGqM3p/HBmBn72O2i8ktDPg31xRDXZMDBRNY1rsCh/4w4jlkoy0=
Hy1GG8Rw1QjRoQI+f4t5azYh+4haRhMvubLMDPpExGG3Y1Xayd5IFEic3wFKmj8hV+R7v/Em0Oaz9mN7vxn9fUzkqxT79DjcPWajKw==
zXY6evRZ2yHITRxM4AAFV81G6wucBqo1u7V5f5uHVPm5qRs6zHgjLQUjaLdjBLRTj/vjMaRR3iYV49OtwRz3L2+jJA==
RMrojhuw5TIduGrk3BUfq4j+cA07mIy+NQU11bnxTGunwk4pN0f+U+x/14G/E30f4lXvaU0W+mDFQcOTzjvlnAIfWZv1PZKJmOqzU1XBJ0TBA3mjMg==
hVcRmk6tmRIJKt0wCpyT9974GVYd/zLsVMAeYOjMaYPOh4sBZF1u7qfuyYAZRDWj2yk/9PnJqiGvAl12WUbj11v4iRxUCcS4x0w7l+Eu8CXgXuvU79HddVzM67xrfJgUbU6jAw==
iaFhmtNpus9XdvDimQqXxg4/48NwR6n1Qo90cHRmcoUDdSGv42c86bGpEyokGNt93WPQBzvk2KIHe2uBDPEGVu2jC/35PN8/Z6Ms
r8TodODxk7E1omZ5xGQRMojhcVdvxsz1bUFBj/qhKiysyF9vKkaqHqw5nYW/E30f4lXvaU0W+mDFQcOTzjvlnAQdWZv1PZKJmOqzU1XBJ0TBA3mjMg==
vl5ktTR/sfaA6ygwJdNR4ojhcVdvxsz1bUFBj/qhKiysyF9vKkaqHqw5nYW/E30f4lXvaU0W+mDFQcOTzjvlnAAcWZv1PZKJmOqzU1XBJ0TBA3mjMg==
3EAw7PU0pUOkSjHk2+cpNJYjUjBh6lmzWEJBc/+ycQa+3yPBohQYWE/Au9CT1hxkdSxKAv9Q4ExQzwG0+SHtqwVjNWRFARi6ne7BF+4fI9aL6W2seJmQ9EM6U6OFs5j2u+JHnrACeUSjDQ==
crXPem7shGvDtasguU+INFERc8gl73rb7OgTBIOgaT0OkclOUb8eDAcsO3ehjnBPJH7j9C+xXdUcLOvcq9wY9C1uoyM=
KDR9PMaZ7OPj0QoggndxgtOBghsOheplNQnPPVmP/tJc0XvTFksd/MKq8ROdzdqpoNprE61Rv+SJ0xGjWg==
iayZCR2ogz4V+rF3KkMlMc6bGUTEjew5lD9hhT8zAyYLWY3cuAnwJENqszPFQ/hGO5JnrvCS2RSjXQ==
/fvbXb7EeodBMqfjRKcbRGTG5+QuPvSYRw8wuxWGoF/uuquCq/0lCOjQvOALr/vnlZfQYhu2T7rghtEQo1k=
470/YgJitBkvoUIzCaatRHUMiKpi4y42Xy9eDnbH698PDDzBl2vYz5XySDs+/mO2i8ktDPg01BRLW5MDBRNY1rsCh/4w4jlkoy0=
McF0Fqv4F/hA/tKdUCwqd3D30wCppz4cOprPnzp4CmHz25995DwXYeC6/cRWXk5my7Gnc1zaPrXBjk6SUek/M5LTUczTphVbOEVGWezCbzNpKTN0NRt1oz4=
Z1uNU5rNrD6+qScbQwH111QKcIDdzP7AabhIYlCWlQ05C8JmYHWfslDqT9Vhwwxvz7QPGku7JnlYITJ+McP3le0M6ydroyA=
KOf29hnBB56DFk/UaKe2GvbW6hYZKpmYtTE5n9211mj9QYquz8xUWkR24dWFWy4O9PULWjw6842VoxhX00RjMn/70hH0ka6GpWNDzRFcxw9/ozQ=
3vHlOKjpVt/AFrn/F5chVZYjUjBh6lmzWEJBc/+ycQa+3yPBohQYWE/Au9CT1hxkdSxKAv9Q4ExQzwG0+SHtqwVjNWRFARi6ne7BF+4fI9aL6W2seJOW9Es7U6OFs5j2u+JHnrACeUSjDQ==
Xq+e91jRz028OXpWnGS7vFERc8gl73rb7OgTBIOgaT0OkclOUb8eDAcsO3ehjnBCIn7r9S+xXdUcLOvcq9wY9C1uoyM=
xHGdYvL3meWXPgfw41v/AZYjUjBh6lmzWEJBc/+ycQa+3yPBohQYWE/Au9CT1hxkdSxKAv9Q4ExQzwG0+SHtqwVjNWRFARi6ne7BF+4fI9aL6W2seJeR9Eg9U6GFs5j2u+JHnrACeUSjDQ==
uaq9qSYZPHvvdSZS+QEq0FERc8gl73rb7OgTBIOgaT0OkclOUb8eDAcsO3ehjnBOJX7o8y+zXdUcLOvcq9wY9C1uoyM=
gFZmBFOMGmfcOz5fQpDOmXu2swbru2be3PUjCvRaCx1N4yBny6Qsxxd6e6E5sbbxXSObXan8j98Mo0A=
neABTPTzME6zFaisehDh83IG8hhWyq2N/LOQ9BaAuK5oF++hhAFVsIx99qSviNsbWfqgHO06qjh3YC0pc8jL8JPoCOglcaMz
KwXsVAlrmqJfMp9/CZW3f2sPxrBq8iokDS9YFXiO+t4IHDzBl2vYz5XySDs+/mO2i8ktDPgw0BRKWpMGBRNf1rsCh/4w4jl/ozE=
iI8iWIgPpOJRNhyhj01qGhMk0ZNgYBHOGVCxvZjGnPQNeFOA46pQI/AyqjVV5uJCLTELU4brTTz4iuEaja0v6XC9+5Md8Q8k2TN6ozY=
irIraHBwrG3bR6Hosmrmjxk4/b7FGPV93A7ARKEgt+BHEvyzjLoutdFuHtKBia+z4jPhjC7CJVpJZXMZHGXfs/mJ4zTlO36jMg==
ygNHWMdyEOnWqveLaZ3bDz8nZ2RX79WrY18/ypi3fiwabpJ4zXNgCQiSwsLoQAQd57dgUxVu8OdOIlvqa9UVEIgs7EiJBiuadY/nSltePyJAPgFjoy0=
zf+JKKETshouOavs3AcLkBzX6s1dMWnCwXxRscJQMRkYBXCMxsj4dhj/z5mUCVWovFWWXP9AG0OpkgCreLIpoMfIzVGjgIso4wAo0DV5oys=
522He8OxaDJqUKRMsFepio6aXAzXm7g/lQIoy34uAyYLWY3cuAf3JENuszLFQ/9GO5JnrvCS2Q+jQQ==
oPD4hGmUbexx+LICbMK8Gh+453vQdNRHyCKiMmjwpG0n50BDFX7Qt45S+1rrJXWgSH4OWIMSS041Pwc62+6f0gDuIXOjPQ==
x9FDiaZ6zOkTPR1PnE04TnsXdPhOjrBHy4Kbymu11XAISylogyJrfvVvp6pbfn+CwJ7BA6NN
P0pAbNFZzFLeYIn+oqG2b9+nyJaepF2JyQdbta1lnJHO+lgjG8ZT/kuB3XQYqUCcw9YDmmXrLx77yrfGEPopd6M5
dw6s6myA/XDuW0hGdHZlsnsXdPhIjrBHzYKbymu11XAISC1ogiJrfvVvp6pbfn+CwJ7BA6NN
RPy/JvSehOupGuXde2lwQd+nyJaepF2JyQdbta1lnJHI+lgjHcZT/kuB3XQYq0ScwtYDmmXrLx77yrfGEPopd6M5
Qe8blya7zIKDdxEuZUMbVTq9ukS0p2aKl6kjCvRYCx1N4yBny6QlwRdyf6E9sbbxXSObXan8j98Mo0A=
XhqnVw1S1Qbx1H6SuhINBd+nyJaepF2JyQdbta1lnJHJ+lgjHMZT/kuB3XQYqUacwtYDmmXrLx77yrfGEPopd6M5
kx4A/0zmfGUHXPVZo3fxpTC2swbru2be3PUjCvRaCx1N4yBny6Qqwxd+f6E8sbbxXSObXan8j98Mo0A=
mb6jPwMP16N7ZWc6YsxvWHsXdPhJjrBHzIKbymu11XAISSxojiJrf/Vvp6pbfn+CwJ7BA6NN
MAx2Nl1tJrcdmrtFiRGN+xgHNtsOUZLJJjH8Ag4pp4J4yJeFqYPEHzfU6YrTPrvp8IGKyXkDv0W17IPXCKNE
+WhY1GHqwd5LkrSS+b379RZZ3ZqGFucvmUDLQOA5+O1XW6mkje4/v+QgRYuQia+z4jPhjCXEJVxNZXYZHGXfs/mJ4zTlO36jMg==
DGGjeLhOHrKYyYqgLYf0gzJHnO5aEwtqi4/yDPBg+kH5eVXayd5IFEic3xJFniUhV+R7v/Em0Oyy9mx4vxn9fUvkqxT79DjcPX2jNw==
7eOB7VV672sxZ16rauj1I2/PpbshKLXJVhktrVrusCSMqauCq/0lCOjUuOAMqvvnlZfXYhu2T7rghtELo0U=
LclAX8dBdbNpnK72IMGR78Diy4yZpV3awVRNtaZl1dHakkhYfNVT/kuB3XQYoECczNYDm2XrLx77yrfGEPopd6M5
EhSOYPgks7D2HwCoCJ+ppXId9A9e26zI/7KRp0HMsa4pW/63mRca2JwGlLeviNsbWfqgG+k6ozx3ZS0pc8jL8JPoCOglcaMz
vje5TQIDV2CEVQpQx77DCRk45rjSEOR8mQ3BRfJ3++lHU7Cimqc4+rl+ZbCSia+z4jPhjCTHJVNNZXYZHGXfs/mJ4zTlO36jMg==
oc6CeMB2xzfocsJxNMRYbVUv2Y10YArIDligvN3FnfVeLx+J4+scMuYvvHo99pkgPjELU4brTTz+j+ETia0q6XC9+5Md8Q8k2TN6ozY=
aL57iQCXH7HmQd+dqH/Ggovi2o2etV3awVRNtaZl1dHakkhYfNVT/kuB3XQYqUScw9YDm2XrLx77yrfGEPopd6M5
syJIOdIzvdxLpMsDCRGFIa1hfGYSazwTOpxMSdu7xFIOP7R6NebxwGbhMxNem7VcUD5pkwFdQknIDSPT5aHXBPEjcqM+
hrffiDh5OXhcl2+AUXmSpnD30wCppz4cOprPyyx6LSfk3Yp1/3lAJu7zuINeVABp17PgYkrHKPqpnjXwQuk/M5LTUczTpBVTPUVGWezFbzNpKTN0NRtuoyI=
X8jmS7dFUgqJWnJnl+XUYh414cN4cPzyRY87JDEoOo1KPSWv82w3qv3/JmR/Q8p93WPQBzvk3qMHcm+BDPEGUe2jC/35PN8/fKMw
VwZ4TeRWZ7NvCQiqiB+r9G3JlVNyQc+e+S9aDssWVvrPtql83UX9c0U0pfxgQrzGn8w5TJ2Hs47LMX2kWFsljMLG4+ulu4+uezrXFlDKCWejKQ==
KDqQGe9XQj96gLKTdL+z4jYfyq8TXjQvgJS/DPpExGG3Y1Xayd5IFEic3wFKmj8hV+R7v/Em0Ouy9mx5vxn9fUvkqxT79DjcPX2jNw==
tQxxS8ZcZ2q09l71fI7Kh8vTjS0ZjampBQ9T76+VaPp/SXfXBNC+i0khlYL5BigMeITfCnWGRflnvLvnQf6wcwJu7OEPgZ2l+7xrTMssWMQNZaMv
lND0GUtwKtfyJpEWPSclPEUz3ZVsKRD7Wl6j792Il/BMYRyN8+MFNPFmuz9gqLkbPDELU4brTTzyi+EciK0q6XC9+5Md8Q8k2TN6ozY=
4p51kmEnOBlC3auGvh5T4FRXPnNc6d6qZUprg5WUOjASLcNs2mJ6DhPilZflUE1I8LY0Qh9IsbgNM1vqa9UVEIgl6UiMAyufdY/nSltePyJAPgFjoy0=
6fA6hDDb/W0jZ0zh2cyU9WI2x1tY2P/IsriUtQ/Ptb4hQvig0BBfhcImr7WviNsbWfqgGew6rD13ZS0pc8jL8JPoCOglcaMz
rO2xAmJofWmF08dxW/1Ha1MnhJgqCV1jioTwQeAR6lD5eVXayd5IFEic3xJFniUhV+R7v/Em0O209mx5vxn9fUvkqxT79DjcPX2jNw==
rg+q0zWOPUrd31ifry8Ph+VEncJnCC4ZnXRscmgIYoc5dArykmBOTGNVEQ41JinP9bH30ZblbFn/GcOKqYEzW619TsiKrvallGNNOUdtVppT8StTpivtvF9PwRNobUppkP2bk/2xr6R5c1qjFg==
kdtPwv8oEik7M9ePozmGSuLzo8be2KqMGzDejtfN4kXFxy09Okco5YDLmRVrNQtNKeXM086Mk9xOhr89aOJdiW5wEGOErdmxTarZZg81vk4XBHvfMcZQTnDWY1l/uX2di4Sr9LuUuHx9XaMX
7tg6OoWyFY17swP6hUrOwt7fEUthsDAuTiLZgzGs8CgVVHgDuFowh9YBGYQ0dhBZSRFiP6THxuSm3LOP3UiNr1BCxblQUCNoJkZiFQAb0bnblcIqx5mH80rDWewqFn3TlLV+OeTVt3MRmbvUbUtGowo=
7Lbsp6qMbl5F6DnxH7/w7nsXdPhIjrBHzYKbymu11XAISC1oiiBrf/Vvp6pbfn+CwJ7BA6NN
WxY0UgYaBRX5nRrqnR+XnZTfGlzKnexpyAIoy30uAyYLWY3cuAb1JEpsszPFQ/9GO5JnrvCS2Q+jQQ==
JNGHiuwPSX0Lylx1F8lsQClC1qUv9CgjGThJD3/HrZJJCHWEi2HPksjySDs9/mO2i8ktDPgy1BRKXJMDBRNf1rsCh/4w4jl/ozE=
3WOazI8nQoC4YTPxCQjAJbyrto6NCeepie1zQ+IDShsLh+7W6Ww0fHn2pb6dzX/L31KVY1Kf27CNoAUcKxkfusjamEOdZhMeS6EdFJgKB3zKtMM75QtvPvuqd2aQGmlXoxk=
oBmGYYOfLPzd/BDBpXM4DA4/48NwR6n1Qo90cHRmcoUDdSGv42c86bGoEyokGdt93WPQBzvk2KEHem2BDPEGUe2jC/35PN8/fKMw
F80MPjECk4PfG+vp1+8jUAYQd8UWW8bXPgqvGBxyltYrjJaFqYPEHzfU4Y/TOrnp8IGKyXkDv0W17IPXCKNE
KYXIef/G1aXq0fRLCzKxkgqiKyG3lq5fYSCm56xQVATixh6gv58Hq1Qmf8juGx5nturXyDRyvobT7B418UO8Dz/0OPo7uRFZqGGC2UFDZzU9TDsHYKMs
2TZZw3d2463RMU7CvWOR18Di0YeC9l6Rw1NFrZY2hoOSywxwWMdT/kuB3XQYrkScydQDm2XrLx77yrfGEPopd6M5
u8YWnfQtmNwHEdjlQOkaV0cNYZGIgKWGcPwPKF6bjgdmKocoJHKu5gOsTtVhwwxvz7QLGUu5IXlYITJ5McP3le0M6ydwozw=
N/VX+gRmryJKGkqiVK8h9D6Kpu0jL73RZkp+/xK39Ayou6uCq/0lCOjVvuAJqPvnlZfXYhu2T7rghtELo0U=
JHpNeDOGwTR4nDrnQKWB3UcNYZGIgKWGcPwPKF6bjgdmKocoJHKu5gOsTtVhwwxvz7QPGEu5IXlYITJ5McP3le0M6ydwozw=
24ug1cip5k4EoplNNSvvnz6Kpu0jL73RZkp+/xK39Ayou6uCq/0lCOjdvuAJqPvnlZfXYhu2T7rghtELo0U=
hPyab5Zg5H6XOW7iuiQF/N+s3Y+H9l6Rw1NFrZY2hoOSywxwWMdT/kuB3XQYrEGcydQDm2XrLx77yrfGEPopd6M5
Uk1N0KG5+CcRqUsEcpll7IYP/Q/QU6Nwuvtqf4q6G6Cg8ipunzwiLQUjaLdjBLNXj/nlMaRR3iEV49OtwRz3L3SjOA==
W+UCu0RUws67vwKpPw7OHg405812Uqj8VY91fzgze8ACOzKv8lpzsKjyIn53XNp93WPQBzvk1KcHeW2BDPEGUe2jC/35PN8/fKMw
dDIQ7kd/gZfwRai83ILyE1QKcIDdzP7IYflZI16bjgdmKocoJHKu5gOsTtVhwwxvz7QMHku5IXlYITJ5McP3le0M6ydwozw=
ebQO2Avb7e6Kfql2luilio6aXAzXm7g/lQIoy34uAyYLWY3cuAHwJEhsszPFQ/9GO5JnrvCS2Q+jQQ==
h+sKLK/SU1jY8L4SZXIlHXWK4+svOPSFRw8wuxWGoF/uuquCq/0lCOjQuOAIqPvnlZfXYhu2T7rghtELo0U=
1zkTur+RYmbzwmPalsD5s+dandR/Ei4Ynzk4PCpDP8ZOLkym5m5KETIBSFdUKHCK+7Pv0MLldl71A5e/tNJxNOomeobfqbujkHJKNTUmAsJN8StTpivtvFlLwR9rbUppkP2bk/2xr6R5c1qjFg==
Oa3XNWBhzyOsrayo4ADIQQ0BZ8FwqiDP4O0eHpOofz0MhdU8FOlGGAcsO3ehjnBCJX7v8i+xXdUbLOvcq9wY9C11oz8=
ukoV+cSrb2lGTnSVBPTiUAsBZ8FwqiDP4O0eHpOofz0MhdU8FOlGGAcsO3ehjnBBJX7v8i+xXdUbLOvcq9wY9C11oz8=
Gv+zUn9nv7UGLUW+M0EQVB+453vQdNRHyCKiMmjwpG0n50BDFX7Qt45S+1rrJXWgSH0IWI8QS081Pwc62+6f0gDuIXOjPQ==
Q96ytnZ75Jmb4Dhby6d3KTq9ukS0p2aKl6gjCvRZCx1N4yBny6QrxxdyfKE8sbbxXSObXan8j98Mo0A=
f7JByJNiSS2VP0QDfJZ1vJTfGlzKnexpyAIoy30uAyYLWY3cuAnxJEJtszPFQ/9GO5JnrvCS2Q+jQQ==
bn0DDn5DSlE1qFdfMIkU8BbSBV88/aMyZdqrvIGyXpPG192vGiMrc6a//LLcIrQI7Vqc3DzVCrORsVk/ewf0Odmo+3ps+UPtJSOI9wOEFxJv+8PxxNF+YTXjs21hnBdvVKMY
bAAgCC6m69Mvr1UjjAiEGGwsIRnxdDny8QoTw2MkCLicZdWMn7Cb0wkiwPaYwiuw5/2NgcNwC7hDsOiA1QmjOw==
J28JYmyRpjJuwxAgDHqsiWTG5+QuPvSYRw8wuxWGoF/uuquCq/0lCOjTueALrvvnlZfXYhu2T7rghtELo0U=
/lx6iOQQ8jEU6LcIK4jksHUMiKpi4y42Xy9eDnbH698PDDzBl2vYz5XySDs+/mO2i8ktDPg30RRLWpMDBRNf1rsCh/4w4jl/ozE=
hEjH9A4lhcSDwIkXqe25VvbW6hYZKpmYtTE5n9211mj9QYquz8xUWkR24dWFWy4O9PULWjw6842VoxhX00RiN3/70xH0ka6BpWNDzRFcxw9koyg=
cqxldGNB+p+4+UoLQ7M/qpYjUjBh6lmzWEJBc/+ycQa+3yPBohQYWE/Au9CT1hxkdSxKAv9Q4ExQzwG0+SHtqwVjNWRFARi6ne7BF+4fI9aL6W2seJWV9Ek+U6CFs5/2u+JHnrACeV+jEQ==
qVX8Olx5I+iFYRjSfuiSilERc8gl73rb7OgTBIOgaT0OkclOUb8eDAcsO3ehjnBAIX7p8C+yXdUbLOvcq9wY9C11oz8=
